---------------------------------------------------------------
[ 2018-07-18T22:13:19+08:00 ] 127.0.0.1 GET /
[ info ] sp.com/ [运行时间：12.994296s][吞吐率：0.08req/s] [内存消耗：1,437.83kb] [文件加载：33]
[ info ] [ LANG ] F:\lw2017\salesms\tp5\thinkphp\lang\zh-cn.php
[ info ] [ ROUTE ] array (
  'type' => 'module',
  'module' => 
  array (
    0 => '',
    1 => NULL,
    2 => NULL,
  ),
)
[ info ] [ HEADER ] array (
  'accept-language' => 'zh-CN,zh;q=0.8',
  'accept-encoding' => 'gzip, deflate, sdch',
  'accept' => 'text/html,application/xhtml+xml,application/xml;q=0.9,image/webp,*/*;q=0.8',
  'user-agent' => 'Mozilla/5.0 (Windows NT 10.0; WOW64) AppleWebKit/537.36 (KHTML, like Gecko) Chrome/56.0.2924.87 Safari/537.36',
  'upgrade-insecure-requests' => '1',
  'connection' => 'close',
  'host' => 'sp.com',
)
[ info ] [ PARAM ] array (
)
[ info ] [ RUN ] app\index\controller\Index->index[ F:\lw2017\salesms\tp5\application\index\controller\Index.php ]
[ info ] [ DB ] INIT mysql
[ info ] [ LOG ] INIT File
[ sql ] [ DB ] CONNECT:[ UseTime:0.100899s ] mysql:host=127.0.0.1;port=3306;dbname=salesms;charset=utf8
[ sql ] [ SQL ] SHOW COLUMNS FROM `sales_admin` [ RunTime:2.766222s ]
[ sql ] [ SQL ] SELECT * FROM `sales_admin` [ RunTime:0.020680s ]
---------------------------------------------------------------
[ 2018-07-18T22:14:22+08:00 ] 127.0.0.1 GET /index.php/admin/index/index
[ info ] sp.com/index.php/admin/index/index [运行时间：2.682228s][吞吐率：0.37req/s] [内存消耗：1,218.21kb] [文件加载：37]
[ info ] [ LANG ] F:\lw2017\salesms\tp5\thinkphp\lang\zh-cn.php
[ info ] [ ROUTE ] array (
  'type' => 'module',
  'module' => 
  array (
    0 => 'admin',
    1 => 'index',
    2 => 'index',
  ),
)
[ info ] [ HEADER ] array (
  'accept-language' => 'zh-CN,zh;q=0.8',
  'accept-encoding' => 'gzip, deflate, sdch',
  'accept' => 'text/html,application/xhtml+xml,application/xml;q=0.9,image/webp,*/*;q=0.8',
  'user-agent' => 'Mozilla/5.0 (Windows NT 10.0; WOW64) AppleWebKit/537.36 (KHTML, like Gecko) Chrome/56.0.2924.87 Safari/537.36',
  'upgrade-insecure-requests' => '1',
  'connection' => 'close',
  'host' => 'sp.com',
)
[ info ] [ PARAM ] array (
)
[ info ] [ RUN ] app\admin\controller\Index->index[ F:\lw2017\salesms\tp5\application\admin\controller\Index.php ]
[ info ] [ VIEW ] F:\lw2017\salesms\tp5\public/../application/admin\view\index\index.html [ array (
) ]
[ info ] [ LOG ] INIT File
---------------------------------------------------------------
[ 2018-07-18T22:14:22+08:00 ] 127.0.0.1 GET /index.php/admin/index/welcome.html
[ info ] sp.com/index.php/admin/index/welcome.html [运行时间：0.046661s][吞吐率：21.43req/s] [内存消耗：1,145.91kb] [文件加载：35]
[ info ] [ LANG ] F:\lw2017\salesms\tp5\thinkphp\lang\zh-cn.php
[ info ] [ ROUTE ] array (
  'type' => 'module',
  'module' => 
  array (
    0 => 'admin',
    1 => 'index',
    2 => 'welcome',
  ),
)
[ info ] [ HEADER ] array (
  'accept-language' => 'zh-CN,zh;q=0.8',
  'accept-encoding' => 'gzip, deflate, sdch',
  'referer' => 'http://sp.com/index.php/admin/index/index',
  'accept' => 'text/html,application/xhtml+xml,application/xml;q=0.9,image/webp,*/*;q=0.8',
  'user-agent' => 'Mozilla/5.0 (Windows NT 10.0; WOW64) AppleWebKit/537.36 (KHTML, like Gecko) Chrome/56.0.2924.87 Safari/537.36',
  'upgrade-insecure-requests' => '1',
  'connection' => 'close',
  'host' => 'sp.com',
)
[ info ] [ PARAM ] array (
)
[ info ] [ RUN ] app\admin\controller\Index->welcome[ F:\lw2017\salesms\tp5\application\admin\controller\Index.php ]
[ info ] [ VIEW ] F:\lw2017\salesms\tp5\public/../application/admin\view\index\welcome.html [ array (
) ]
[ info ] [ LOG ] INIT File
---------------------------------------------------------------
[ 2018-07-18T22:21:43+08:00 ] 127.0.0.1 GET /index.php/admin/privilege/lst.html
[ info ] sp.com/index.php/admin/privilege/lst.html [运行时间：1.823431s][吞吐率：0.55req/s] [内存消耗：1,165.54kb] [文件加载：36]
[ info ] [ LANG ] F:\lw2017\salesms\tp5\thinkphp\lang\zh-cn.php
[ info ] [ ROUTE ] array (
  'type' => 'module',
  'module' => 
  array (
    0 => 'admin',
    1 => 'privilege',
    2 => 'lst',
  ),
)
[ info ] [ HEADER ] array (
  'cookie' => 'Hm_lvt_080836300300be57b7f34f4b3e97d911=1531923267; Hm_lpvt_080836300300be57b7f34f4b3e97d911=1531923267',
  'accept-language' => 'zh-CN,zh;q=0.8',
  'accept-encoding' => 'gzip, deflate, sdch',
  'referer' => 'http://sp.com/index.php/admin/index/index',
  'accept' => 'text/html,application/xhtml+xml,application/xml;q=0.9,image/webp,*/*;q=0.8',
  'user-agent' => 'Mozilla/5.0 (Windows NT 10.0; WOW64) AppleWebKit/537.36 (KHTML, like Gecko) Chrome/56.0.2924.87 Safari/537.36',
  'upgrade-insecure-requests' => '1',
  'connection' => 'close',
  'host' => 'sp.com',
)
[ info ] [ PARAM ] array (
)
[ info ] [ RUN ] app\admin\controller\Privilege->lst[ F:\lw2017\salesms\tp5\application\admin\controller\Privilege.php ]
[ info ] [ VIEW ] F:\lw2017\salesms\tp5\public/../application/admin\view\privilege\lst.html [ array (
) ]
[ info ] [ LOG ] INIT File
---------------------------------------------------------------
[ 2018-07-18T22:23:09+08:00 ] 127.0.0.1 GET /index.php/admin/privilege/lst.html
[ info ] sp.com/index.php/admin/privilege/lst.html [运行时间：0.292991s][吞吐率：3.41req/s] [内存消耗：1,046.00kb] [文件加载：34]
[ info ] [ LANG ] F:\lw2017\salesms\tp5\thinkphp\lang\zh-cn.php
[ info ] [ ROUTE ] array (
  'type' => 'module',
  'module' => 
  array (
    0 => 'admin',
    1 => 'privilege',
    2 => 'lst',
  ),
)
[ info ] [ HEADER ] array (
  'cookie' => 'Hm_lvt_080836300300be57b7f34f4b3e97d911=1531923267; Hm_lpvt_080836300300be57b7f34f4b3e97d911=1531923267',
  'accept-language' => 'zh-CN,zh;q=0.8',
  'accept-encoding' => 'gzip, deflate, sdch',
  'referer' => 'http://sp.com/index.php/admin/index/index',
  'accept' => 'text/html,application/xhtml+xml,application/xml;q=0.9,image/webp,*/*;q=0.8',
  'user-agent' => 'Mozilla/5.0 (Windows NT 10.0; WOW64) AppleWebKit/537.36 (KHTML, like Gecko) Chrome/56.0.2924.87 Safari/537.36',
  'upgrade-insecure-requests' => '1',
  'connection' => 'close',
  'host' => 'sp.com',
)
[ info ] [ PARAM ] array (
)
[ info ] [ RUN ] app\admin\controller\Privilege->lst[ F:\lw2017\salesms\tp5\application\admin\controller\Privilege.php ]
[ info ] [ VIEW ] F:\lw2017\salesms\tp5\public/../application/admin\view\privilege\lst.html [ array (
) ]
[ info ] [ LOG ] INIT File
---------------------------------------------------------------
[ 2018-07-18T22:52:37+08:00 ] 127.0.0.1 GET /index.php/admin/privilege/add
[ info ] sp.com/index.php/admin/privilege/add [运行时间：0.458884s][吞吐率：2.18req/s] [内存消耗：1,902.98kb] [文件加载：42]
[ info ] [ LANG ] F:\lw2017\salesms\tp5\thinkphp\lang\zh-cn.php
[ info ] [ ROUTE ] array (
  'type' => 'module',
  'module' => 
  array (
    0 => 'admin',
    1 => 'privilege',
    2 => 'add',
  ),
)
[ info ] [ HEADER ] array (
  'cookie' => 'Hm_lvt_080836300300be57b7f34f4b3e97d911=1531923267; Hm_lpvt_080836300300be57b7f34f4b3e97d911=1531923267',
  'accept-language' => 'zh-CN,zh;q=0.8',
  'accept-encoding' => 'gzip, deflate, sdch',
  'accept' => 'text/html,application/xhtml+xml,application/xml;q=0.9,image/webp,*/*;q=0.8',
  'user-agent' => 'Mozilla/5.0 (Windows NT 10.0; WOW64) AppleWebKit/537.36 (KHTML, like Gecko) Chrome/56.0.2924.87 Safari/537.36',
  'upgrade-insecure-requests' => '1',
  'connection' => 'close',
  'host' => 'sp.com',
)
[ info ] [ PARAM ] array (
)
[ info ] [ RUN ] app\admin\controller\Privilege->add[ F:\lw2017\salesms\tp5\application\admin\controller\Privilege.php ]
[ info ] [ DB ] INIT mysql
[ info ] [ LOG ] INIT File
---------------------------------------------------------------
[ 2018-07-18T22:53:05+08:00 ] 127.0.0.1 GET /index.php/admin/privilege/add
[ info ] sp.com/index.php/admin/privilege/add [运行时间：0.049621s][吞吐率：20.15req/s] [内存消耗：1,903.62kb] [文件加载：42]
[ info ] [ LANG ] F:\lw2017\salesms\tp5\thinkphp\lang\zh-cn.php
[ info ] [ ROUTE ] array (
  'type' => 'module',
  'module' => 
  array (
    0 => 'admin',
    1 => 'privilege',
    2 => 'add',
  ),
)
[ info ] [ HEADER ] array (
  'cookie' => 'Hm_lvt_080836300300be57b7f34f4b3e97d911=1531923267; Hm_lpvt_080836300300be57b7f34f4b3e97d911=1531923267',
  'accept-language' => 'zh-CN,zh;q=0.8',
  'accept-encoding' => 'gzip, deflate, sdch',
  'accept' => 'text/html,application/xhtml+xml,application/xml;q=0.9,image/webp,*/*;q=0.8',
  'user-agent' => 'Mozilla/5.0 (Windows NT 10.0; WOW64) AppleWebKit/537.36 (KHTML, like Gecko) Chrome/56.0.2924.87 Safari/537.36',
  'upgrade-insecure-requests' => '1',
  'cache-control' => 'max-age=0',
  'connection' => 'close',
  'host' => 'sp.com',
)
[ info ] [ PARAM ] array (
)
[ info ] [ RUN ] app\admin\controller\Privilege->add[ F:\lw2017\salesms\tp5\application\admin\controller\Privilege.php ]
[ info ] [ DB ] INIT mysql
[ info ] [ LOG ] INIT File
---------------------------------------------------------------
[ 2018-07-18T22:53:33+08:00 ] 127.0.0.1 GET /index.php/admin/privilege/add
[ info ] sp.com/index.php/admin/privilege/add [运行时间：0.036887s][吞吐率：27.11req/s] [内存消耗：1,903.21kb] [文件加载：42]
[ info ] [ LANG ] F:\lw2017\salesms\tp5\thinkphp\lang\zh-cn.php
[ info ] [ ROUTE ] array (
  'type' => 'module',
  'module' => 
  array (
    0 => 'admin',
    1 => 'privilege',
    2 => 'add',
  ),
)
[ info ] [ HEADER ] array (
  'cookie' => 'Hm_lvt_080836300300be57b7f34f4b3e97d911=1531923267; Hm_lpvt_080836300300be57b7f34f4b3e97d911=1531923267',
  'accept-language' => 'zh-CN,zh;q=0.8',
  'accept-encoding' => 'gzip, deflate, sdch',
  'accept' => 'text/html,application/xhtml+xml,application/xml;q=0.9,image/webp,*/*;q=0.8',
  'user-agent' => 'Mozilla/5.0 (Windows NT 10.0; WOW64) AppleWebKit/537.36 (KHTML, like Gecko) Chrome/56.0.2924.87 Safari/537.36',
  'upgrade-insecure-requests' => '1',
  'cache-control' => 'max-age=0',
  'connection' => 'close',
  'host' => 'sp.com',
)
[ info ] [ PARAM ] array (
)
[ info ] [ RUN ] app\admin\controller\Privilege->add[ F:\lw2017\salesms\tp5\application\admin\controller\Privilege.php ]
[ info ] [ DB ] INIT mysql
[ info ] [ LOG ] INIT File
---------------------------------------------------------------
[ 2018-07-18T23:43:26+08:00 ] 127.0.0.1 GET /index.php/admin/privilege/add
[ info ] sp.com/index.php/admin/privilege/add [运行时间：0.889430s][吞吐率：1.12req/s] [内存消耗：1,928.98kb] [文件加载：42]
[ info ] [ LANG ] F:\lw2017\salesms\tp5\thinkphp\lang\zh-cn.php
[ info ] [ ROUTE ] array (
  'type' => 'module',
  'module' => 
  array (
    0 => 'admin',
    1 => 'privilege',
    2 => 'add',
  ),
)
[ info ] [ HEADER ] array (
  'cookie' => 'Hm_lvt_080836300300be57b7f34f4b3e97d911=1531923267; Hm_lpvt_080836300300be57b7f34f4b3e97d911=1531923267',
  'accept-language' => 'zh-CN,zh;q=0.8',
  'accept-encoding' => 'gzip, deflate, sdch',
  'accept' => 'text/html,application/xhtml+xml,application/xml;q=0.9,image/webp,*/*;q=0.8',
  'user-agent' => 'Mozilla/5.0 (Windows NT 10.0; WOW64) AppleWebKit/537.36 (KHTML, like Gecko) Chrome/56.0.2924.87 Safari/537.36',
  'upgrade-insecure-requests' => '1',
  'cache-control' => 'max-age=0',
  'connection' => 'close',
  'host' => 'sp.com',
)
[ info ] [ PARAM ] array (
)
[ info ] [ RUN ] app\admin\controller\Privilege->add[ F:\lw2017\salesms\tp5\application\admin\controller\Privilege.php ]
[ info ] [ DB ] INIT mysql
[ info ] [ LOG ] INIT File
[ sql ] [ DB ] CONNECT:[ UseTime:0.017551s ] mysql:host=127.0.0.1;port=3306;dbname=salesms;charset=utf8
[ sql ] [ SQL ] SHOW COLUMNS FROM `sales_privilege` [ RunTime:0.070892s ]
[ sql ] [ SQL ] SELECT * FROM `sales_privilege` [ RunTime:0.031070s ]
---------------------------------------------------------------
[ 2018-07-18T23:45:37+08:00 ] 127.0.0.1 GET /index.php/admin/privilege/add
[ info ] sp.com/index.php/admin/privilege/add [运行时间：0.231885s][吞吐率：4.31req/s] [内存消耗：2,041.90kb] [文件加载：44]
[ info ] [ LANG ] F:\lw2017\salesms\tp5\thinkphp\lang\zh-cn.php
[ info ] [ ROUTE ] array (
  'type' => 'module',
  'module' => 
  array (
    0 => 'admin',
    1 => 'privilege',
    2 => 'add',
  ),
)
[ info ] [ HEADER ] array (
  'cookie' => 'Hm_lvt_080836300300be57b7f34f4b3e97d911=1531923267; Hm_lpvt_080836300300be57b7f34f4b3e97d911=1531923267',
  'accept-language' => 'zh-CN,zh;q=0.8',
  'accept-encoding' => 'gzip, deflate, sdch',
  'accept' => 'text/html,application/xhtml+xml,application/xml;q=0.9,image/webp,*/*;q=0.8',
  'user-agent' => 'Mozilla/5.0 (Windows NT 10.0; WOW64) AppleWebKit/537.36 (KHTML, like Gecko) Chrome/56.0.2924.87 Safari/537.36',
  'upgrade-insecure-requests' => '1',
  'cache-control' => 'max-age=0',
  'connection' => 'close',
  'host' => 'sp.com',
)
[ info ] [ PARAM ] array (
)
[ info ] [ RUN ] app\admin\controller\Privilege->add[ F:\lw2017\salesms\tp5\application\admin\controller\Privilege.php ]
[ info ] [ DB ] INIT mysql
[ info ] [ VIEW ] F:\lw2017\salesms\tp5\public/../application/admin\view\privilege\add2.html [ array (
  0 => 'parentData',
) ]
[ info ] [ LOG ] INIT File
[ sql ] [ DB ] CONNECT:[ UseTime:0.010816s ] mysql:host=127.0.0.1;port=3306;dbname=salesms;charset=utf8
[ sql ] [ SQL ] SHOW COLUMNS FROM `sales_privilege` [ RunTime:0.038788s ]
[ sql ] [ SQL ] SELECT * FROM `sales_privilege` [ RunTime:0.000531s ]
